<?xml version="1.0" encoding="UTF-8"?>
<testsuite xmlns:xsi="http://www.w3.org/2001/XMLSchema-instance" xsi:noNamespaceSchemaLocation="https://maven.apache.org/surefire/maven-surefire-plugin/xsd/surefire-test-report.xsd" version="3.0.2" name="com.example.ExampleResourceTest" time="11.897" tests="1" errors="0" skipped="0" failures="0">
  <properties>
[...]
</properties>
  <testcase name="testHelloEndpoint" classname="com.example.ExampleResourceTest" time="0.901">
    <system-out><![CDATA[2024-12-07 12:47:49,618 INFO  [org.hib.rea.pro.imp.ReactiveIntegrator] (JPA Startup Thread) HR000001: Hibernate Reactive
&amp#27;[35m[Hibernate]&amp#27;[0m 
    &amp#27;[34mselect&amp#27;[0m
        table_schema &amp#27;[34mas&amp#27;[0m TABLE_CAT ,
        &amp#27;[34mnull&amp#27;[0m &amp#27;[34mas&amp#27;[0m TABLE_SCHEM ,
        table_name &amp#27;[34mas&amp#27;[0m TABLE_NAME ,
        table_type &amp#27;[34mas&amp#27;[0m TABLE_TYPE ,
        &amp#27;[34mnull&amp#27;[0m &amp#27;[34mas&amp#27;[0m REMARKS 
    &amp#27;[34mfrom&amp#27;[0m
        information_schema.tables 
    &amp#27;[34mwhere&amp#27;[0m
        1 = 1 
        &amp#27;[34mand&amp#27;[0m table_name &amp#27;[34mlike&amp#27;[0m ? 
        &amp#27;[34mand&amp#27;[0m table_type &amp#27;[34min&amp#27;[0m ( ?, ? ) 
&amp#27;[35m[Hibernate]&amp#27;[0m 
    &amp#27;[34mselect&amp#27;[0m
        table_name &amp#27;[34mas&amp#27;[0m TABLE_NAME,
        column_name &amp#27;[34mas&amp#27;[0m COLUMN_NAME,
        &amp#27;[34mcase&amp#27;[0m 
            &amp#27;[34mwhen&amp#27;[0m data_type = &amp#27;[36m'bpchar'&amp#27;[0m 
                &amp#27;[34mthen&amp#27;[0m &amp#27;[36m'&amp#27;[34mCHAR&amp#27;[0m'&amp#27;[0m 
            &amp#27;[34melse&amp#27;[0m data_type 
    &amp#27;[34mend&amp#27;[0m &amp#27;[34mas&amp#27;[0m TYPE_NAME,
    &amp#27;[34mnull&amp#27;[0m &amp#27;[34mas&amp#27;[0m COLUMN_SIZE,
    &amp#27;[34mnull&amp#27;[0m &amp#27;[34mas&amp#27;[0m DECIMAL_DIGITS,
    is_nullable &amp#27;[34mas&amp#27;[0m IS_NULLABLE,
    &amp#27;[34mnull&amp#27;[0m &amp#27;[34mas&amp#27;[0m DATA_TYPE 
&amp#27;[34mfrom&amp#27;[0m
    information_schema.columns 
&amp#27;[34mwhere&amp#27;[0m
    1 = 1 
&amp#27;[34morder&amp#27;[0m &amp#27;[34mby&amp#27;[0m
    table_catalog,
    table_schema,
    table_name,
    column_name,
    ordinal_position
&amp#27;[35m[Hibernate]&amp#27;[0m 
    &amp#27;[34mselect&amp#27;[0m
        constraint_name &amp#27;[34mas&amp#27;[0m FK_NAME,
        referenced_table_schema &amp#27;[34mas&amp#27;[0m PKTABLE_CAT,
        &amp#27;[34mnull&amp#27;[0m &amp#27;[34mas&amp#27;[0m PKTABLE_SCHEM,
        referenced_table_name &amp#27;[34mas&amp#27;[0m PKTABLE_NAME,
        referenced_column_name &amp#27;[34mas&amp#27;[0m PKCOLUMN_NAME,
        column_name &amp#27;[34mas&amp#27;[0m FKCOLUMN_NAME 
    &amp#27;[34mfrom&amp#27;[0m
        information_schema.key_column_usage 
    &amp#27;[34mwhere&amp#27;[0m
        referenced_table_name &amp#27;[34mis&amp#27;[0m &amp#27;[34mnot&amp#27;[0m &amp#27;[34mnull&amp#27;[0m 
        &amp#27;[34mand&amp#27;[0m table_schema = ? 
        &amp#27;[34mand&amp#27;[0m table_name = ? 
    &amp#27;[34morder&amp#27;[0m &amp#27;[34mby&amp#27;[0m
        table_schema,
        table_name,
        ordinal_position
&amp#27;[35m[Hibernate]&amp#27;[0m 
    &amp#27;[34mselect&amp#27;[0m
        table_schema &amp#27;[34mas&amp#27;[0m TABLE_CAT ,
        &amp#27;[34mnull&amp#27;[0m &amp#27;[34mas&amp#27;[0m TABLE_SCHEM ,
        table_name &amp#27;[34mas&amp#27;[0m TABLE_NAME ,
        table_type &amp#27;[34mas&amp#27;[0m TABLE_TYPE ,
        &amp#27;[34mnull&amp#27;[0m &amp#27;[34mas&amp#27;[0m REMARKS 
    &amp#27;[34mfrom&amp#27;[0m
        information_schema.tables 
    &amp#27;[34mwhere&amp#27;[0m
        1 = 1 
        &amp#27;[34mand&amp#27;[0m table_schema = ? 
        &amp#27;[34mand&amp#27;[0m table_name &amp#27;[34mlike&amp#27;[0m ? 
        &amp#27;[34mand&amp#27;[0m table_type &amp#27;[34min&amp#27;[0m ( ?, ? ) 
&amp#27;[35m[Hibernate]&amp#27;[0m 
    &amp#27;[34mselect&amp#27;[0m
        table_name &amp#27;[34mas&amp#27;[0m TABLE_NAME,
        column_name &amp#27;[34mas&amp#27;[0m COLUMN_NAME,
        &amp#27;[34mcase&amp#27;[0m 
            &amp#27;[34mwhen&amp#27;[0m data_type = &amp#27;[36m'bpchar'&amp#27;[0m 
                &amp#27;[34mthen&amp#27;[0m &amp#27;[36m'&amp#27;[34mCHAR&amp#27;[0m'&amp#27;[0m 
            &amp#27;[34melse&amp#27;[0m data_type 
    &amp#27;[34mend&amp#27;[0m &amp#27;[34mas&amp#27;[0m TYPE_NAME,
    &amp#27;[34mnull&amp#27;[0m &amp#27;[34mas&amp#27;[0m COLUMN_SIZE,
    &amp#27;[34mnull&amp#27;[0m &amp#27;[34mas&amp#27;[0m DECIMAL_DIGITS,
    is_nullable &amp#27;[34mas&amp#27;[0m IS_NULLABLE,
    &amp#27;[34mnull&amp#27;[0m &amp#27;[34mas&amp#27;[0m DATA_TYPE 
&amp#27;[34mfrom&amp#27;[0m
    information_schema.columns 
&amp#27;[34mwhere&amp#27;[0m
    1 = 1 
    &amp#27;[34mand&amp#27;[0m table_schema = ? 
    &amp#27;[34mand&amp#27;[0m table_name &amp#27;[34mlike&amp#27;[0m ? 
&amp#27;[34morder&amp#27;[0m &amp#27;[34mby&amp#27;[0m
    table_catalog,
    table_schema,
    table_name,
    column_name,
    ordinal_position
&amp#27;[35m[Hibernate]&amp#27;[0m 
    &amp#27;[34mcreate&amp#27;[0m &amp#27;[34mtable&amp#27;[0m Encounter (
        id &amp#27;[34mbigint&amp#27;[0m &amp#27;[34mnot&amp#27;[0m &amp#27;[34mnull&amp#27;[0m auto_increment,
        &amp#27;[34mdate&amp#27;[0m datetime(6),
        outcome &amp#27;[34mvarchar&amp#27;[0m(255),
        patient_id &amp#27;[34mbigint&amp#27;[0m,
        practitioner_id &amp#27;[34mbigint&amp#27;[0m,
        reason &amp#27;[34mvarchar&amp#27;[0m(255),
        &amp#27;[34mprimary&amp#27;[0m &amp#27;[34mkey&amp#27;[0m (id)
    ) engine=InnoDB
2024-12-07 12:47:50,157 WARN  [org.hib.eng.jdb.spi.SqlExceptionHelper] (vert.x-eventloop-thread-0) SQL Error: 1050, SQLState: 42S01
2024-12-07 12:47:50,158 ERROR [org.hib.eng.jdb.spi.SqlExceptionHelper] (vert.x-eventloop-thread-0) {errorMessage=Table 'encounter' already exists, errorCode=1050, sqlState=42S01}
2024-12-07 12:47:50,159 WARN  [org.hib.rea.pro.ser.ReactiveGenerationTarget] (vert.x-eventloop-thread-0) HR000021: DDL command failed [org.hibernate.exception.SQLGrammarException: error executing SQL statement [{errorMessage=Table 'encounter' already exists, errorCode=1050, sqlState=42S01}] [
    create table Encounter (
        id bigint not null auto_increment,
        date datetime(6),
        outcome varchar(255),
        patient_id bigint,
        practitioner_id bigint,
        reason varchar(255),
        primary key (id)
    ) engine=InnoDB]]
&amp#27;[35m[Hibernate]&amp#27;[0m 
    &amp#27;[34mcreate&amp#27;[0m &amp#27;[34mtable&amp#27;[0m Patient (
        id &amp#27;[34mbigint&amp#27;[0m &amp#27;[34mnot&amp#27;[0m &amp#27;[34mnull&amp#27;[0m auto_increment,
        birthdate &amp#27;[34mdate&amp#27;[0m,
        name &amp#27;[34mvarchar&amp#27;[0m(255),
        user_id &amp#27;[34mbigint&amp#27;[0m,
        &amp#27;[34mprimary&amp#27;[0m &amp#27;[34mkey&amp#27;[0m (id)
    ) engine=InnoDB
2024-12-07 12:47:50,161 WARN  [org.hib.eng.jdb.spi.SqlExceptionHelper] (vert.x-eventloop-thread-0) SQL Error: 1050, SQLState: 42S01
2024-12-07 12:47:50,161 ERROR [org.hib.eng.jdb.spi.SqlExceptionHelper] (vert.x-eventloop-thread-0) {errorMessage=Table 'patient' already exists, errorCode=1050, sqlState=42S01}
2024-12-07 12:47:50,161 WARN  [org.hib.rea.pro.ser.ReactiveGenerationTarget] (vert.x-eventloop-thread-0) HR000021: DDL command failed [org.hibernate.exception.SQLGrammarException: error executing SQL statement [{errorMessage=Table 'patient' already exists, errorCode=1050, sqlState=42S01}] [
    create table Patient (
        id bigint not null auto_increment,
        birthdate date,
        name varchar(255),
        user_id bigint,
        primary key (id)
    ) engine=InnoDB]]
&amp#27;[35m[Hibernate]&amp#27;[0m 
    &amp#27;[34mcreate&amp#27;[0m &amp#27;[34mtable&amp#27;[0m Practitioner (
        id &amp#27;[34mbigint&amp#27;[0m &amp#27;[34mnot&amp#27;[0m &amp#27;[34mnull&amp#27;[0m auto_increment,
        name &amp#27;[34mvarchar&amp#27;[0m(255),
        role enum (&amp#27;[36m'DOCTOR'&amp#27;[0m,&amp#27;[36m'PATIENT'&amp#27;[0m,&amp#27;[36m'STAFF'&amp#27;[0m),
        specialization &amp#27;[34mvarchar&amp#27;[0m(255),
        userId &amp#27;[34mbigint&amp#27;[0m,
        &amp#27;[34mprimary&amp#27;[0m &amp#27;[34mkey&amp#27;[0m (id)
    ) engine=InnoDB
2024-12-07 12:47:50,162 WARN  [org.hib.eng.jdb.spi.SqlExceptionHelper] (vert.x-eventloop-thread-0) SQL Error: 1050, SQLState: 42S01
2024-12-07 12:47:50,162 ERROR [org.hib.eng.jdb.spi.SqlExceptionHelper] (vert.x-eventloop-thread-0) {errorMessage=Table 'practitioner' already exists, errorCode=1050, sqlState=42S01}
2024-12-07 12:47:50,162 WARN  [org.hib.rea.pro.ser.ReactiveGenerationTarget] (vert.x-eventloop-thread-0) HR000021: DDL command failed [org.hibernate.exception.SQLGrammarException: error executing SQL statement [{errorMessage=Table 'practitioner' already exists, errorCode=1050, sqlState=42S01}] [
    create table Practitioner (
        id bigint not null auto_increment,
        name varchar(255),
        role enum ('DOCTOR','PATIENT','STAFF'),
        specialization varchar(255),
        userId bigint,
        primary key (id)
    ) engine=InnoDB]]
2024-12-07 12:47:50,164 WARN  [io.qua.hib.orm.run.ser.QuarkusRuntimeInitDialectFactory] (JPA Startup Thread) Persistence unit default-reactive: Could not retrieve the database version to check it is at least 8.0.0
2024-12-07 12:47:50,201 INFO  [io.quarkus] (main) searchservice_journalsys 1.0-SNAPSHOT on JVM (powered by Quarkus 3.17.2) started in 6.091s. Listening on: http://localhost:8081
2024-12-07 12:47:50,201 INFO  [io.quarkus] (main) Profile test activated. 
2024-12-07 12:47:50,201 INFO  [io.quarkus] (main) Installed features: [agroal, cdi, hibernate-orm, hibernate-reactive, hibernate-reactive-panache, jdbc-mysql, narayana-jta, reactive-mysql-client, rest, rest-jsonb, smallrye-context-propagation, vertx]
]]></system-out>
  </testcase>
</testsuite>